<?xml version="1.0" encoding="UTF-8"?>
<testng-results ignored="0" total="1" passed="1" failed="0" skipped="0">
  <reporter-output>
  </reporter-output>
  <suite started-at="2022-12-19T17:27:32 IST" name="Suite" finished-at="2022-12-19T17:27:58 IST" duration-ms="26157">
    <groups>
      <group name="cucumber">
        <method signature="AbstractTestNGCucumberTests.runScenario(io.cucumber.testng.PickleWrapper,io.cucumber.testng.FeatureWrapper)[pri:0, instance:runner.Runner@145f66e3]" name="runScenario" class="io.cucumber.testng.AbstractTestNGCucumberTests"/>
      </group> <!-- cucumber -->
    </groups>
    <test started-at="2022-12-19T17:27:32 IST" name="Login" finished-at="2022-12-19T17:27:58 IST" duration-ms="26157">
      <class name="runner.Runner">
        <test-method is-config="true" signature="setUpClass(org.testng.ITestContext)[pri:0, instance:runner.Runner@145f66e3]" started-at="2022-12-19T17:27:32 IST" name="setUpClass" finished-at="2022-12-19T17:27:33 IST" duration-ms="993" status="PASS">
          <params>
            <param index="0">
              <value>
                <![CDATA[org.testng.TestRunner@430df350]]>
              </value>
            </param>
          </params>
          <reporter-output>
          </reporter-output>
        </test-method> <!-- setUpClass -->
        <test-method signature="runScenario(io.cucumber.testng.PickleWrapper,io.cucumber.testng.FeatureWrapper)[pri:0, instance:runner.Runner@145f66e3]" started-at="2022-12-19T17:27:33 IST" name="runScenario" description="Runs Cucumber Scenarios" data-provider="scenarios" finished-at="2022-12-19T17:27:58 IST" duration-ms="25052" status="PASS">
          <params>
            <param index="0">
              <value>
                <![CDATA["Login with valid credential and do sale transaction"]]>
              </value>
            </param>
            <param index="1">
              <value>
                <![CDATA["VT successful transaction should be performed in merchant login"]]>
              </value>
            </param>
          </params>
          <reporter-output>
          </reporter-output>
        </test-method> <!-- runScenario -->
        <test-method is-config="true" signature="tearDownClass()[pri:0, instance:runner.Runner@145f66e3]" started-at="2022-12-19T17:27:58 IST" name="tearDownClass" finished-at="2022-12-19T17:27:58 IST" duration-ms="53" status="PASS">
          <reporter-output>
          </reporter-output>
        </test-method> <!-- tearDownClass -->
      </class> <!-- runner.Runner -->
    </test> <!-- Login -->
  </suite> <!-- Suite -->
</testng-results>
